<?xml version="1.0" encoding="UTF-8"?>
<!-- Generated by org.testng.reporters.JUnitXMLReporter -->
<testsuite ignored="0" hostname="user-PC" failures="0" tests="6" name="Default test" time="14.877" errors="0" timestamp="2023-09-16T04:55:13 IST">
  <testcase classname="api.test.DDTest" name="testPostuser" time="5.372"/>
  <testcase classname="api.test.DDTest" name="testPostuser" time="1.147"/>
  <testcase classname="api.test.DDTest" name="testPostuser" time="1.081"/>
  <testcase classname="api.test.DDTest" name="testDeleteUserByName" time="1.364"/>
  <testcase classname="api.test.DDTest" name="testDeleteUserByName" time="1.175"/>
  <testcase classname="api.test.DDTest" name="testDeleteUserByName" time="1.176"/>
</testsuite> <!-- Default test -->
