<?xml version="1.0" encoding="UTF-8"?>
<testng-results ignored="0" total="4" passed="4" failed="0" skipped="0">
  <reporter-output>
  </reporter-output>
  <suite started-at="2023-09-17T03:01:52 IST" name="PetSuite" finished-at="2023-09-17T03:02:08 IST" duration-ms="16521">
    <groups>
    </groups>
    <test started-at="2023-09-17T03:01:52 IST" name="PetTest" finished-at="2023-09-17T03:02:08 IST" duration-ms="16521">
      <class name="api.test.UserTests2">
        <test-method is-config="true" signature="setup()[pri:0, instance:api.test.UserTests2@6adbc9d]" started-at="2023-09-17T03:01:53 IST" name="setup" finished-at="2023-09-17T03:01:57 IST" duration-ms="3272" status="PASS">
          <reporter-output>
          </reporter-output>
        </test-method> <!-- setup -->
        <test-method signature="testPostUser()[pri:1, instance:api.test.UserTests2@6adbc9d]" started-at="2023-09-17T03:01:57 IST" name="testPostUser" finished-at="2023-09-17T03:02:05 IST" duration-ms="8131" status="PASS">
          <reporter-output>
          </reporter-output>
        </test-method> <!-- testPostUser -->
        <test-method signature="testGetUserByName()[pri:2, instance:api.test.UserTests2@6adbc9d]" started-at="2023-09-17T03:02:05 IST" name="testGetUserByName" finished-at="2023-09-17T03:02:06 IST" duration-ms="1333" status="PASS">
          <reporter-output>
          </reporter-output>
        </test-method> <!-- testGetUserByName -->
        <test-method signature="testUpdateUserByName()[pri:3, instance:api.test.UserTests2@6adbc9d]" started-at="2023-09-17T03:02:06 IST" name="testUpdateUserByName" finished-at="2023-09-17T03:02:07 IST" duration-ms="1167" status="PASS">
          <reporter-output>
          </reporter-output>
        </test-method> <!-- testUpdateUserByName -->
        <test-method signature="testDeleteUserByName()[pri:4, instance:api.test.UserTests2@6adbc9d]" started-at="2023-09-17T03:02:07 IST" name="testDeleteUserByName" finished-at="2023-09-17T03:02:08 IST" duration-ms="1140" status="PASS">
          <reporter-output>
          </reporter-output>
        </test-method> <!-- testDeleteUserByName -->
      </class> <!-- api.test.UserTests2 -->
    </test> <!-- PetTest -->
  </suite> <!-- PetSuite -->
</testng-results>
