<?xml version="1.0" encoding="UTF-8"?>
<!-- Generated by org.testng.reporters.JUnitXMLReporter -->
<testsuite ignored="0" hostname="user-PC" failures="0" tests="4" name="PetTest" time="16.52" errors="0" timestamp="2023-09-17T04:53:11 IST">
  <testcase classname="api.test.UserTests2" name="testPostUser" time="8.315"/>
  <testcase classname="api.test.UserTests2" name="testGetUserByName" time="1.326"/>
  <testcase classname="api.test.UserTests2" name="testUpdateUserByName" time="1.216"/>
  <testcase classname="api.test.UserTests2" name="testDeleteUserByName" time="1.196"/>
</testsuite> <!-- PetTest -->
