<?xml version="1.0" encoding="UTF-8"?>
<!-- Generated by org.testng.reporters.JUnitXMLReporter -->
<testsuite ignored="0" hostname="user-PC" failures="0" tests="4" name="PetTest" time="16.521" errors="0" timestamp="2023-09-17T03:02:10 IST">
  <testcase classname="api.test.UserTests2" name="testPostUser" time="8.131"/>
  <testcase classname="api.test.UserTests2" name="testGetUserByName" time="1.333"/>
  <testcase classname="api.test.UserTests2" name="testUpdateUserByName" time="1.167"/>
  <testcase classname="api.test.UserTests2" name="testDeleteUserByName" time="1.14"/>
</testsuite> <!-- PetTest -->
